;  LST file generated by mikroListExporter - v.2.0 
; Date/Time: 13/02/2016 23:02:13
;----------------------------------------------

;Address Opcode 	ASM
0x0000	0x285D      	GOTO       93
_UART1_Write:
;__Lib_UART_c45.c,39 :: 		
;__Lib_UART_c45.c,40 :: 		
L_UART1_Write3:
0x0003	0x1283      	BCF        STATUS, 5
0x0004	0x1303      	BCF        STATUS, 6
0x0005	0x1896      	BTFSC      TXSTA, 1
0x0006	0x2809      	GOTO       L_UART1_Write4
;__Lib_UART_c45.c,41 :: 		
0x0007	0x0000      	NOP
0x0008	0x2803      	GOTO       L_UART1_Write3
L_UART1_Write4:
;__Lib_UART_c45.c,42 :: 		
0x0009	0x0841      	MOVF       FARG_UART1_Write_data_, 0
0x000A	0x0095      	MOVWF      TXREG
;__Lib_UART_c45.c,43 :: 		
L_end_UART1_Write:
0x000B	0x0008      	RETURN
; end of _UART1_Write
_____DoICP:
;__Lib_System.c,6 :: 		
;__Lib_System.c,9 :: 		
0x000C	0x1283      	BCF        STATUS, 5
0x000D	0x1303      	BCF        STATUS, 6
0x000E	0x083C      	MOVF       ___DoICPAddr+1, 0
0x000F	0x008A      	MOVWF      PCLATH
;__Lib_System.c,10 :: 		
0x0010	0x083B      	MOVF       ___DoICPAddr, 0
0x0011	0x0082      	MOVWF      PCL
;__Lib_System.c,12 :: 		
L_end_____DoICP:
0x0012	0x0008      	RETURN
; end of _____DoICP
_UART1_Data_Ready:
;__Lib_UART_c45.c,15 :: 		
;__Lib_UART_c45.c,16 :: 		
0x0013	0x3000      	MOVLW      0
0x0014	0x1283      	BCF        STATUS, 5
0x0015	0x1303      	BCF        STATUS, 6
0x0016	0x1A8C      	BTFSC      PIR1, 5
0x0017	0x3001      	MOVLW      1
0x0018	0x00F0      	MOVWF      R0
;__Lib_UART_c45.c,17 :: 		
L_end_UART1_Data_Ready:
0x0019	0x0008      	RETURN
; end of _UART1_Data_Ready
___CC2DW:
;__Lib_System.c,134 :: 		
;__Lib_System.c,137 :: 		
_CC2D_Loop1:
;__Lib_System.c,139 :: 		
0x001A	0x200C      	CALL       _____DoICP
0x001B	0x118A      	BCF        PCLATH, 3
0x001C	0x120A      	BCF        PCLATH, 4
;__Lib_System.c,141 :: 		
0x001D	0x0080      	MOVWF      INDF
;__Lib_System.c,142 :: 		
0x001E	0x0A84      	INCF       FSR, 1
;__Lib_System.c,143 :: 		
0x001F	0x0ABB      	INCF       ___DoICPAddr, 1
;__Lib_System.c,145 :: 		
0x0020	0x1903      	BTFSC      STATUS, 2
;__Lib_System.c,146 :: 		
0x0021	0x0ABC      	INCF       ___DoICPAddr+1, 1
;__Lib_System.c,147 :: 		
0x0022	0x03F0      	DECF       R0, 1
;__Lib_System.c,149 :: 		
0x0023	0x1D03      	BTFSS      STATUS, 2
;__Lib_System.c,150 :: 		
0x0024	0x281A      	GOTO       _CC2D_Loop1
;__Lib_System.c,152 :: 		
L_end___CC2DW:
0x0025	0x0008      	RETURN
; end of ___CC2DW
_UART1_Init:
;__Lib_UART_c45.c,2 :: 		
;__Lib_UART_c45.c,5 :: 		
0x0026	0x1283      	BCF        STATUS, 5
0x0027	0x1303      	BCF        STATUS, 6
0x0028	0x1696      	BSF        TXSTA, 5
;__Lib_UART_c45.c,6 :: 		
0x0029	0x3090      	MOVLW      144
0x002A	0x0097      	MOVWF      RCSTA
;__Lib_UART_c45.c,7 :: 		
0x002B	0x1683      	BSF        STATUS, 5
0x002C	0x1687      	BSF        TRISC5_bit, 5
;__Lib_UART_c45.c,8 :: 		
0x002D	0x1607      	BSF        TRISC4_bit, 4
;__Lib_UART_c45.c,9 :: 		
L_UART1_Init0:
0x002E	0x1283      	BCF        STATUS, 5
0x002F	0x1E8C      	BTFSS      PIR1, 5
0x0030	0x2834      	GOTO       L_UART1_Init1
;__Lib_UART_c45.c,10 :: 		
0x0031	0x0814      	MOVF       RCREG, 0
0x0032	0x00F0      	MOVWF      R0
0x0033	0x282E      	GOTO       L_UART1_Init0
L_UART1_Init1:
;__Lib_UART_c45.c,11 :: 		
L_end_UART1_Init:
0x0034	0x0008      	RETURN
; end of _UART1_Init
_UART1_Tx_Idle:
;__Lib_UART_c45.c,33 :: 		
;__Lib_UART_c45.c,34 :: 		
0x0035	0x3000      	MOVLW      0
0x0036	0x1283      	BCF        STATUS, 5
0x0037	0x1303      	BCF        STATUS, 6
0x0038	0x1896      	BTFSC      TXSTA, 1
0x0039	0x3001      	MOVLW      1
0x003A	0x00F0      	MOVWF      R0
;__Lib_UART_c45.c,35 :: 		
L_end_UART1_Tx_Idle:
0x003B	0x0008      	RETURN
; end of _UART1_Tx_Idle
_UART1_Write_Text:
;__Lib_UART_c45.c,46 :: 		
;__Lib_UART_c45.c,47 :: 		
0x003C	0x1283      	BCF        STATUS, 5
0x003D	0x1303      	BCF        STATUS, 6
0x003E	0x01C0      	CLRF       UART1_Write_Text_counter_L0
;__Lib_UART_c45.c,49 :: 		
0x003F	0x083E      	MOVF       FARG_UART1_Write_Text_uart_text, 0
0x0040	0x0084      	MOVWF      FSR
0x0041	0x0800      	MOVF       INDF, 0
0x0042	0x00BF      	MOVWF      UART1_Write_Text_data__L0
;__Lib_UART_c45.c,50 :: 		
L_UART1_Write_Text5:
0x0043	0x083F      	MOVF       UART1_Write_Text_data__L0, 0
0x0044	0x3A00      	XORLW      0
0x0045	0x1903      	BTFSC      STATUS, 2
0x0046	0x2851      	GOTO       L_UART1_Write_Text6
;__Lib_UART_c45.c,51 :: 		
0x0047	0x083F      	MOVF       UART1_Write_Text_data__L0, 0
0x0048	0x00C1      	MOVWF      FARG_UART1_Write_data_
0x0049	0x2003      	CALL       _UART1_Write
;__Lib_UART_c45.c,52 :: 		
0x004A	0x0AC0      	INCF       UART1_Write_Text_counter_L0, 1
;__Lib_UART_c45.c,53 :: 		
0x004B	0x0840      	MOVF       UART1_Write_Text_counter_L0, 0
0x004C	0x073E      	ADDWF      FARG_UART1_Write_Text_uart_text, 0
0x004D	0x0084      	MOVWF      FSR
0x004E	0x0800      	MOVF       INDF, 0
0x004F	0x00BF      	MOVWF      UART1_Write_Text_data__L0
;__Lib_UART_c45.c,54 :: 		
0x0050	0x2843      	GOTO       L_UART1_Write_Text5
L_UART1_Write_Text6:
;__Lib_UART_c45.c,55 :: 		
L_end_UART1_Write_Text:
0x0051	0x0008      	RETURN
; end of _UART1_Write_Text
_UART1_Read:
;__Lib_UART_c45.c,20 :: 		
;__Lib_UART_c45.c,23 :: 		
0x0052	0x1283      	BCF        STATUS, 5
0x0053	0x1303      	BCF        STATUS, 6
0x0054	0x0814      	MOVF       RCREG, 0
0x0055	0x00F1      	MOVWF      R1
;__Lib_UART_c45.c,24 :: 		
0x0056	0x1C97      	BTFSS      RCSTA, 1
0x0057	0x285A      	GOTO       L_UART1_Read2
;__Lib_UART_c45.c,25 :: 		
0x0058	0x1217      	BCF        RCSTA, 4
;__Lib_UART_c45.c,26 :: 		
0x0059	0x1617      	BSF        RCSTA, 4
;__Lib_UART_c45.c,27 :: 		
L_UART1_Read2:
;__Lib_UART_c45.c,28 :: 		
0x005A	0x0871      	MOVF       R1, 0
0x005B	0x00F0      	MOVWF      R0
;__Lib_UART_c45.c,29 :: 		
L_end_UART1_Read:
0x005C	0x0008      	RETURN
; end of _UART1_Read
_main:
0x005D	0x3053      	MOVLW      83
0x005E	0x1283      	BCF        STATUS, 5
0x005F	0x1303      	BCF        STATUS, 6
0x0060	0x00A0      	MOVWF      ?lstr2_SmartCharger
0x0061	0x3074      	MOVLW      116
0x0062	0x00A1      	MOVWF      33
0x0063	0x306F      	MOVLW      111
0x0064	0x00A2      	MOVWF      34
0x0065	0x3070      	MOVLW      112
0x0066	0x00A3      	MOVWF      35
0x0067	0x300A      	MOVLW      10
0x0068	0x00A4      	MOVWF      36
0x0069	0x01A5      	CLRF       37
0x006A	0x3052      	MOVLW      82
0x006B	0x00A6      	MOVWF      ?lstr3_SmartCharger
0x006C	0x3065      	MOVLW      101
0x006D	0x00A7      	MOVWF      39
0x006E	0x3063      	MOVLW      99
0x006F	0x00A8      	MOVWF      40
0x0070	0x3065      	MOVLW      101
0x0071	0x00A9      	MOVWF      41
0x0072	0x3069      	MOVLW      105
0x0073	0x00AA      	MOVWF      42
0x0074	0x3076      	MOVLW      118
0x0075	0x00AB      	MOVWF      43
0x0076	0x3065      	MOVLW      101
0x0077	0x00AC      	MOVWF      44
0x0078	0x3064      	MOVLW      100
0x0079	0x00AD      	MOVWF      45
0x007A	0x303A      	MOVLW      58
0x007B	0x00AE      	MOVWF      46
0x007C	0x3020      	MOVLW      32
0x007D	0x00AF      	MOVWF      47
0x007E	0x01B0      	CLRF       48
0x007F	0x300A      	MOVLW      10
0x0080	0x00B1      	MOVWF      ?lstr4_SmartCharger
0x0081	0x01B2      	CLRF       50
0x0082	0x3043      	MOVLW      67
0x0083	0x00B3      	MOVWF      ?lstr1_SmartCharger
0x0084	0x3068      	MOVLW      104
0x0085	0x00B4      	MOVWF      52
0x0086	0x3061      	MOVLW      97
0x0087	0x00B5      	MOVWF      53
0x0088	0x3072      	MOVLW      114
0x0089	0x00B6      	MOVWF      54
0x008A	0x3067      	MOVLW      103
0x008B	0x00B7      	MOVWF      55
0x008C	0x3065      	MOVLW      101
0x008D	0x00B8      	MOVWF      56
0x008E	0x300A      	MOVLW      10
0x008F	0x00B9      	MOVWF      57
0x0090	0x01BA      	CLRF       58
;SmartCharger.c,4 :: 		void main(void) {
;SmartCharger.c,6 :: 		OSCCON = 0x71;   // 8MHz internal clock
0x0091	0x3071      	MOVLW      113
0x0092	0x1683      	BSF        STATUS, 5
0x0093	0x008F      	MOVWF      OSCCON
;SmartCharger.c,7 :: 		CMCON0 = 0x07;   // Disable comperator
0x0094	0x3007      	MOVLW      7
0x0095	0x1283      	BCF        STATUS, 5
0x0096	0x0099      	MOVWF      CMCON0
;SmartCharger.c,8 :: 		ANSEL = 0x00;    // Disable analog pins
0x0097	0x1683      	BSF        STATUS, 5
0x0098	0x0191      	CLRF       ANSEL
;SmartCharger.c,10 :: 		TRISC.B2 = 0x0; // Output on RC2 for MOSFET
0x0099	0x1107      	BCF        TRISC, 2
;SmartCharger.c,13 :: 		UART1_Init(9600);
0x009A	0x3033      	MOVLW      51
0x009B	0x1283      	BCF        STATUS, 5
0x009C	0x0093      	MOVWF      SPBRG
0x009D	0x1516      	BSF        TXSTA, 2
0x009E	0x2026      	CALL       _UART1_Init
;SmartCharger.c,16 :: 		Delay_ms(200);
0x009F	0x3003      	MOVLW      3
0x00A0	0x00FB      	MOVWF      R11
0x00A1	0x3008      	MOVLW      8
0x00A2	0x00FC      	MOVWF      R12
0x00A3	0x3077      	MOVLW      119
0x00A4	0x00FD      	MOVWF      R13
L_main0:
0x00A5	0x0BFD      	DECFSZ     R13, 1
0x00A6	0x28A5      	GOTO       L_main0
0x00A7	0x0BFC      	DECFSZ     R12, 1
0x00A8	0x28A5      	GOTO       L_main0
0x00A9	0x0BFB      	DECFSZ     R11, 1
0x00AA	0x28A5      	GOTO       L_main0
;SmartCharger.c,19 :: 		cmd = 0;
0x00AB	0x01BD      	CLRF       _cmd
;SmartCharger.c,20 :: 		PORTC.B2 = 1;
0x00AC	0x1507      	BSF        PORTC, 2
;SmartCharger.c,22 :: 		while (1) {
L_main1:
;SmartCharger.c,25 :: 		if (UART1_Data_Ready())
0x00AD	0x2013      	CALL       _UART1_Data_Ready
0x00AE	0x0870      	MOVF       R0, 0
0x00AF	0x1903      	BTFSC      STATUS, 2
0x00B0	0x28B4      	GOTO       L_main3
;SmartCharger.c,26 :: 		cmd = UART1_Read();
0x00B1	0x2052      	CALL       _UART1_Read
0x00B2	0x0870      	MOVF       R0, 0
0x00B3	0x00BD      	MOVWF      _cmd
L_main3:
;SmartCharger.c,29 :: 		if (UART1_Tx_Idle()) {
0x00B4	0x2035      	CALL       _UART1_Tx_Idle
0x00B5	0x0870      	MOVF       R0, 0
0x00B6	0x1903      	BTFSC      STATUS, 2
0x00B7	0x28D7      	GOTO       L_main4
;SmartCharger.c,31 :: 		if (cmd == 'c') {
0x00B8	0x083D      	MOVF       _cmd, 0
0x00B9	0x3A63      	XORLW      99
0x00BA	0x1D03      	BTFSS      STATUS, 2
0x00BB	0x28C1      	GOTO       L_main5
;SmartCharger.c,33 :: 		UART1_Write_Text("Charge\n");
0x00BC	0x3033      	MOVLW      ?lstr1_SmartCharger
0x00BD	0x00BE      	MOVWF      FARG_UART1_Write_Text_uart_text
0x00BE	0x203C      	CALL       _UART1_Write_Text
;SmartCharger.c,34 :: 		PORTC.B2 = 0;
0x00BF	0x1107      	BCF        PORTC, 2
;SmartCharger.c,36 :: 		}
0x00C0	0x28D6      	GOTO       L_main6
L_main5:
;SmartCharger.c,37 :: 		else if (cmd == 's') {
0x00C1	0x083D      	MOVF       _cmd, 0
0x00C2	0x3A73      	XORLW      115
0x00C3	0x1D03      	BTFSS      STATUS, 2
0x00C4	0x28CA      	GOTO       L_main7
;SmartCharger.c,39 :: 		UART1_Write_Text("Stop\n");
0x00C5	0x3020      	MOVLW      ?lstr2_SmartCharger
0x00C6	0x00BE      	MOVWF      FARG_UART1_Write_Text_uart_text
0x00C7	0x203C      	CALL       _UART1_Write_Text
;SmartCharger.c,40 :: 		PORTC.B2 = 1;
0x00C8	0x1507      	BSF        PORTC, 2
;SmartCharger.c,42 :: 		}
0x00C9	0x28D6      	GOTO       L_main8
L_main7:
;SmartCharger.c,43 :: 		else if (cmd) {
0x00CA	0x083D      	MOVF       _cmd, 0
0x00CB	0x1903      	BTFSC      STATUS, 2
0x00CC	0x28D6      	GOTO       L_main9
;SmartCharger.c,45 :: 		UART1_Write_Text("Received: ");
0x00CD	0x3026      	MOVLW      ?lstr3_SmartCharger
0x00CE	0x00BE      	MOVWF      FARG_UART1_Write_Text_uart_text
0x00CF	0x203C      	CALL       _UART1_Write_Text
;SmartCharger.c,46 :: 		UART1_Write(cmd);
0x00D0	0x083D      	MOVF       _cmd, 0
0x00D1	0x00C1      	MOVWF      FARG_UART1_Write_data_
0x00D2	0x2003      	CALL       _UART1_Write
;SmartCharger.c,47 :: 		UART1_Write_Text("\n");
0x00D3	0x3031      	MOVLW      ?lstr4_SmartCharger
0x00D4	0x00BE      	MOVWF      FARG_UART1_Write_Text_uart_text
0x00D5	0x203C      	CALL       _UART1_Write_Text
;SmartCharger.c,48 :: 		}
L_main9:
L_main8:
L_main6:
;SmartCharger.c,50 :: 		cmd = 0;
0x00D6	0x01BD      	CLRF       _cmd
;SmartCharger.c,53 :: 		}
L_main4:
;SmartCharger.c,57 :: 		}
0x00D7	0x28AD      	GOTO       L_main1
;SmartCharger.c,59 :: 		}
L_end_main:
0x00D8	0x28D8      	GOTO       $+0
; end of _main
Symbol List:
//** Routines locations **
//ADDRESS    SIZE    PROCEDURE
//----------------------------------------------
0x0003       [9]    _UART1_Write
0x000C       [7]    _____DoICP
0x0013       [7]    _UART1_Data_Ready
0x001A      [12]    ___CC2DW
0x0026      [15]    _UART1_Init
0x0035       [7]    _UART1_Tx_Idle
0x003C      [22]    _UART1_Write_Text
0x0052      [11]    _UART1_Read
0x005D     [124]    _main
//** Variables locations ** 
//ADDRESS    SIZE    VARIABLE
//----------------------------------------------
0x0000       [1]    INDF
0x0002       [1]    PCL
0x0003       [1]    STATUS
0x0004       [1]    FSR
0x0007       [1]    PORTC
0x000A       [1]    PCLATH
0x000C       [1]    PIR1
0x0012       [1]    SPBRGH
0x0013       [1]    SPBRG
0x0014       [1]    RCREG
0x0015       [1]    TXREG
0x0016       [1]    TXSTA
0x0017       [1]    RCSTA
0x0019       [1]    CMCON0
0x0020       [6]    ?lstr2_SmartCharger
0x0026      [11]    ?lstr3_SmartCharger
0x0031       [2]    ?lstr4_SmartCharger
0x0033       [8]    ?lstr1_SmartCharger
0x003B       [2]    ___DoICPAddr
0x003D       [1]    _cmd
0x003E       [1]    FARG_UART1_Write_Text_uart_text
0x003F       [1]    UART1_Write_Text_data__L0
0x0040       [1]    UART1_Write_Text_counter_L0
0x0041       [1]    FARG_UART1_Write_data_
0x0070       [1]    R0
0x0071       [1]    R1
0x0072       [1]    R2
0x0073       [1]    R3
0x0074       [1]    R4
0x0075       [1]    R5
0x0076       [1]    R6
0x0077       [1]    R7
0x0078       [1]    R8
0x0079       [1]    R9
0x007A       [1]    R10
0x007B       [1]    R11
0x007C       [1]    R12
0x007D       [1]    R13
0x007E       [1]    R14
0x007F       [1]    R15
0x0087       [0]    TRISC5_bit
0x0087       [0]    TRISC4_bit
0x0087       [1]    TRISC
0x008F       [1]    OSCCON
0x0091       [1]    ANSEL
//** Label List: ** 
//----------------------------------------------
  L_main0
  L_main1
  L_main2
  L_main3
  L_main4
  L_main5
  L_main6
  L_main7
  L_main8
  L_main9
  L_end_main
  _main
  L_loopCA2AWs
  L_CA2AWend
  _CCA2AW_Loop1
  L_loopCS2Ss
  L_CS2Send
  _CCS2S_Loop1
  L_CCS2Send
  L_loopFZinSWs
  L_FZinSend
  _CC2D_Loop1
  L_end_____DoICP
  _____DoICP
  L_end_____DoIFC
  _____DoIFC
  L_end___CA2AW
  ___CA2AW
  L_end___CCA2AW
  ___CCA2AW
  L_end___CS2S
  ___CS2S
  L_end___CCS2S
  ___CCS2S
  L_end___FZinS
  ___FZinS
  L_end___CC2DW
  ___CC2DW
  L_end_Swap
  _Swap
  L_UART1_Init0
  L_UART1_Init1
  L_UART1_Read2
  L_UART1_Write3
  L_UART1_Write4
  L_UART1_Write_Text5
  L_UART1_Write_Text6
  L_UART1_Read_Text7
  L_UART1_Read_Text8
  L_UART1_Read_Text9
  L_UART1_Read_Text10
  L_UART1_Read_Text11
  L_UART1_Read_Text12
  L_UART1_Read_Text13
  L_UART1_Read_Text14
  L_UART1_Read_Text15
  L_end_UART1_Init
  _UART1_Init
  L_end_UART1_Data_Ready
  _UART1_Data_Ready
  L_end_UART1_Read
  _UART1_Read
  L_end_UART1_Tx_Idle
  _UART1_Tx_Idle
  L_end_UART1_Write
  _UART1_Write
  L_end_UART1_Write_Text
  _UART1_Write_Text
  L_end_UART1_Read_Text
  _UART1_Read_Text
